Using pre-set license
Built from '2020.3/staging' branch; Version is '2020.3.14f1 (d0d1bb862f9d) revision 13685179'; Using compiler version '192528614'; Build Type 'Release'
OS: 'Windows 10 Home; OS build 19042.1110; Version 2009; 64bit' Language: 'ko' Physical Memory: 16334 MB
BatchMode: 1, IsHumanControllingUs: 0, StartBugReporterOnCrash: 0, Is64bit: 1, IsPro: 0

 COMMAND LINE ARGUMENTS:
C:\Program Files\Unity\2020.3.14f1\Editor\Unity.exe
-adb2
-batchMode
-noUpm
-name
AssetImportWorker0
-projectPath
C:/Users/oute1/AppData/Local/Temp/f49609d161f1b294bb65b75800e8f57b
-logFile
Logs/AssetImportWorker0.log
-srvPort
1228
Successfully changed project path to: C:/Users/oute1/AppData/Local/Temp/f49609d161f1b294bb65b75800e8f57b
C:/Users/oute1/AppData/Local/Temp/f49609d161f1b294bb65b75800e8f57b
Using Asset Import Pipeline V2.
Refreshing native plugins compatible for Editor in 71.22 ms, found 2 plugins.
Preloading 0 native plugins for Editor in 0.00 ms.
Initialize engine version: 2020.3.14f1 (d0d1bb862f9d)
[Subsystems] Discovering subsystems at path C:/Program Files/Unity/2020.3.14f1/Editor/Data/Resources/UnitySubsystems
[Subsystems] Discovering subsystems at path C:/Users/oute1/AppData/Local/Temp/f49609d161f1b294bb65b75800e8f57b/Assets
GfxDevice: creating device client; threaded=0
Direct3D:
    Version:  Direct3D 11.0 [level 11.1]
    Renderer: NVIDIA GeForce GTX 1060 6GB (ID=0x1c03)
    Vendor:   
    VRAM:     6052 MB
    Driver:   27.21.14.5671
Initialize mono
Mono path[0] = 'C:/Program Files/Unity/2020.3.14f1/Editor/Data/Managed'
Mono path[1] = 'C:/Program Files/Unity/2020.3.14f1/Editor/Data/MonoBleedingEdge/lib/mono/unityjit'
Mono config path = 'C:/Program Files/Unity/2020.3.14f1/Editor/Data/MonoBleedingEdge/etc'
Using monoOptions --debugger-agent=transport=dt_socket,embedding=1,server=y,suspend=n,address=127.0.0.1:56284
Begin MonoManager ReloadAssembly
Registering precompiled unity dll's ...
Register platform support module: C:/Program Files/Unity/2020.3.14f1/Editor/Data/PlaybackEngines/WindowsStandaloneSupport/UnityEditor.WindowsStandalone.Extensions.dll
Registered in 0.003214 seconds.
Native extension for WindowsStandalone target not found
Refreshing native plugins compatible for Editor in 65.96 ms, found 2 plugins.
Preloading 0 native plugins for Editor in 0.00 ms.
Mono: successfully reloaded assembly
- Completed reload, in  2.608 seconds
Domain Reload Profiling:
	ReloadAssembly (2608ms)
		BeginReloadAssembly (68ms)
			ExecutionOrderSort (0ms)
			DisableScriptedObjects (0ms)
			BackupInstance (0ms)
			ReleaseScriptingObjects (0ms)
			CreateAndSetChildDomain (1ms)
		EndReloadAssembly (460ms)
			LoadAssemblies (64ms)
			RebuildTransferFunctionScriptingTraits (0ms)
			SetupTypeCache (160ms)
			ReleaseScriptCaches (0ms)
			RebuildScriptCaches (29ms)
			SetupLoadedEditorAssemblies (190ms)
				LogAssemblyErrors (0ms)
				InitializePlatformSupportModulesInManaged (5ms)
				SetLoadedEditorAssemblies (0ms)
				RefreshPlugins (66ms)
				BeforeProcessingInitializeOnLoad (8ms)
				ProcessInitializeOnLoadAttributes (82ms)
				ProcessInitializeOnLoadMethodAttributes (30ms)
				AfterProcessingInitializeOnLoad (0ms)
				EditorAssembliesLoaded (0ms)
			ExecutionOrderSort2 (0ms)
			AwakeInstancesAfterBackupRestoration (0ms)
Platform modules already initialized, skipping
Registering precompiled user dll's ...
Registered in 0.012220 seconds.
Begin MonoManager ReloadAssembly
Native extension for WindowsStandalone target not found
Refreshing native plugins compatible for Editor in 0.64 ms, found 2 plugins.
Preloading 0 native plugins for Editor in 0.00 ms.
Mono: successfully reloaded assembly
- Completed reload, in  1.144 seconds
Domain Reload Profiling:
	ReloadAssembly (1145ms)
		BeginReloadAssembly (164ms)
			ExecutionOrderSort (0ms)
			DisableScriptedObjects (5ms)
			BackupInstance (0ms)
			ReleaseScriptingObjects (0ms)
			CreateAndSetChildDomain (18ms)
		EndReloadAssembly (900ms)
			LoadAssemblies (110ms)
			RebuildTransferFunctionScriptingTraits (0ms)
			SetupTypeCache (296ms)
			ReleaseScriptCaches (0ms)
			RebuildScriptCaches (48ms)
			SetupLoadedEditorAssemblies (340ms)
				LogAssemblyErrors (0ms)
				InitializePlatformSupportModulesInManaged (5ms)
				SetLoadedEditorAssemblies (0ms)
				RefreshPlugins (1ms)
				BeforeProcessingInitializeOnLoad (74ms)
				ProcessInitializeOnLoadAttributes (236ms)
				ProcessInitializeOnLoadMethodAttributes (12ms)
				AfterProcessingInitializeOnLoad (12ms)
				EditorAssembliesLoaded (0ms)
			ExecutionOrderSort2 (0ms)
			AwakeInstancesAfterBackupRestoration (7ms)
Platform modules already initialized, skipping
========================================================================
Worker process is ready to serve import requests
Launched and connected shader compiler UnityShaderCompiler.exe after 0.05 seconds
Refreshing native plugins compatible for Editor in 0.69 ms, found 2 plugins.
Preloading 0 native plugins for Editor in 0.00 ms.
Unloading 1811 Unused Serialized files (Serialized files now loaded: 0)
System memory in use before: 86.2 MB.
System memory in use after: 86.3 MB.

Unloading 43 unused Assets to reduce memory usage. Loaded Objects now: 2232.
Total: 4.158300 ms (FindLiveObjects: 0.216400 ms CreateObjectMapping: 0.046100 ms MarkObjects: 3.780500 ms  DeleteObjects: 0.113400 ms)

AssetImportParameters requested are different than current active one (requested -> active):
  custom:framework-win-MediaFoundation: 216162199b28c13a410421893ffa2e32 -> 
  custom:video-decoder-ogg-theora: a1e56fd34408186e4bbccfd4996cb3dc -> 
  custom:container-muxer-webm: aa71ff27fc2769a1b78a27578f13a17b -> 
  custom:container-demuxer-webm: 4f35f7cbe854078d1ac9338744f61a02 -> 
  custom:container-demuxer-ogg: 62fdf1f143b41e24485cea50d1cbac27 -> 
  custom:video-encoder-webm-vp8: eb34c28f22e8b96e1ab97ce403110664 -> 
  custom:video-decoder-webm-vp8: 9c59270c3fd7afecdb556c50c9e8de78 -> 
  custom:audio-decoder-ogg-vorbis: bf7c407c2cedff20999df2af8eb42d56 -> 
  custom:audio-encoder-webm-vorbis: bf7c407c2cedff20999df2af8eb42d56 -> 
========================================================================
Received Import Request.
  path: Assets/Readme.asset
  artifactKey: Guid(83c2ed844a8c74b779a4c823d16594b1) Importer(815301076,1909f56bfc062723c751e8b465ee728b)
Start importing Assets/Readme.asset using Guid(83c2ed844a8c74b779a4c823d16594b1) Importer(815301076,1909f56bfc062723c751e8b465ee728b)  -> (artifact id: '924a532e88b0d19d3f7be0f9c6238eb6') in 0.041986 seconds 
  Import took 0.045126 seconds .

========================================================================
Received Import Request.
  Time since last request: 220.227081 seconds.
  path: Assets/Creator Kit - FPS/Scenes
  artifactKey: Guid(e4e504f2087e2f7459f85f86374b2ee4) Importer(815301076,1909f56bfc062723c751e8b465ee728b)
Start importing Assets/Creator Kit - FPS/Scenes using Guid(e4e504f2087e2f7459f85f86374b2ee4) Importer(815301076,1909f56bfc062723c751e8b465ee728b)  -> (artifact id: 'dad7a70d4d14cc88882d3b1af443187b') in 0.008148 seconds 
  Import took 0.011138 seconds .

========================================================================
Received Import Request.
  Time since last request: 0.002911 seconds.
  path: Assets/Creator Kit - FPS/Scenes
  artifactKey: Guid(e4e504f2087e2f7459f85f86374b2ee4) Importer(815301076,1909f56bfc062723c751e8b465ee728b)
Start importing Assets/Creator Kit - FPS/Scenes using Guid(e4e504f2087e2f7459f85f86374b2ee4) Importer(815301076,1909f56bfc062723c751e8b465ee728b)  -> (artifact id: 'dad7a70d4d14cc88882d3b1af443187b') in 0.003534 seconds 
  Import took 0.006530 seconds .

========================================================================
Received Import Request.
  Time since last request: 1.061486 seconds.
  path: Assets/Creator Kit - FPS/Scenes/ExampleScene.unity
  artifactKey: Guid(cf8af1738c3cb4b488b72c399f7898f8) Importer(815301076,1909f56bfc062723c751e8b465ee728b)
Start importing Assets/Creator Kit - FPS/Scenes/ExampleScene.unity using Guid(cf8af1738c3cb4b488b72c399f7898f8) Importer(815301076,1909f56bfc062723c751e8b465ee728b)  -> (artifact id: '05f463ca7b6593dbf7e6cd27707cfff2') in 0.008728 seconds 
  Import took 0.011645 seconds .

========================================================================
Received Import Request.
  Time since last request: 316.591862 seconds.
  path: Assets/Creator Kit - FPS/Scenes/MyScene.unity
  artifactKey: Guid(ea963fe35e405bb4e8befa6224591e23) Importer(815301076,1909f56bfc062723c751e8b465ee728b)
Start importing Assets/Creator Kit - FPS/Scenes/MyScene.unity using Guid(ea963fe35e405bb4e8befa6224591e23) Importer(815301076,1909f56bfc062723c751e8b465ee728b)  -> (artifact id: '844f7808929dcaa64b2cf5ca319af47b') in 0.009414 seconds 
  Import took 0.012524 seconds .

========================================================================
Received Import Request.
  Time since last request: 26.368427 seconds.
  path: Assets/Creator Kit - FPS/Prefabs/Targets/BloodCellTarget.prefab
  artifactKey: Guid(126f10c54fce41d4aa610945f0da1c61) Importer(815301076,1909f56bfc062723c751e8b465ee728b)
Start importing Assets/Creator Kit - FPS/Prefabs/Targets/BloodCellTarget.prefab using Guid(126f10c54fce41d4aa610945f0da1c61) Importer(815301076,1909f56bfc062723c751e8b465ee728b)  -> (artifact id: '6163b794d3fea19025cb155f90a07734') in 0.314374 seconds 
  Import took 0.317668 seconds .

========================================================================
Received Import Request.
  Time since last request: 0.000184 seconds.
  path: Assets/Creator Kit - FPS/Prefabs/Targets/GermSlimeTarget.prefab
  artifactKey: Guid(547e1bb5b288bc14187ab3bdf87891f6) Importer(815301076,1909f56bfc062723c751e8b465ee728b)
Start importing Assets/Creator Kit - FPS/Prefabs/Targets/GermSlimeTarget.prefab using Guid(547e1bb5b288bc14187ab3bdf87891f6) Importer(815301076,1909f56bfc062723c751e8b465ee728b)  -> (artifact id: '3dec3d87857132ae02359e9376eb085b') in 0.253957 seconds 
  Import took 0.257107 seconds .

========================================================================
Received Import Request.
  Time since last request: 17805.577465 seconds.
  path: Assets/Creator Kit - FPS/Prefabs/Door and Key/FatBLob.prefab
  artifactKey: Guid(d26356071d092484f9b68a18937abd19) Importer(815301076,1909f56bfc062723c751e8b465ee728b)
Start importing Assets/Creator Kit - FPS/Prefabs/Door and Key/FatBLob.prefab using Guid(d26356071d092484f9b68a18937abd19) Importer(815301076,1909f56bfc062723c751e8b465ee728b)  -> (artifact id: 'd68fbb090ffb3de2e340c7db2f603999') in 0.649208 seconds 
  Import took 0.706790 seconds .

========================================================================
Received Import Request.
  Time since last request: 0.000426 seconds.
  path: Assets/Creator Kit - FPS/Prefabs/Door and Key/Key.prefab
  artifactKey: Guid(b5efbb971dfd08c458d6074096aacb15) Importer(815301076,1909f56bfc062723c751e8b465ee728b)
Start importing Assets/Creator Kit - FPS/Prefabs/Door and Key/Key.prefab using Guid(b5efbb971dfd08c458d6074096aacb15) Importer(815301076,1909f56bfc062723c751e8b465ee728b)  -> (artifact id: '1694084195dcd5d76f23caaee1390cef') in 0.401916 seconds 
  Import took 0.406249 seconds .

========================================================================
Received Import Request.
  Time since last request: 0.498268 seconds.
  path: Assets/Creator Kit - FPS/Prefabs/Rooms/BrainRoom.prefab
  artifactKey: Guid(b79abcb9ee326264694320b336aa66c6) Importer(815301076,1909f56bfc062723c751e8b465ee728b)
Start importing Assets/Creator Kit - FPS/Prefabs/Rooms/BrainRoom.prefab using Guid(b79abcb9ee326264694320b336aa66c6) Importer(815301076,1909f56bfc062723c751e8b465ee728b)  -> (artifact id: '6a8f7709b33fe2ba892e4aac97db23e4') in 0.630909 seconds 
  Import took 0.635581 seconds .

========================================================================
Received Import Request.
  Time since last request: 0.000289 seconds.
  path: Assets/Creator Kit - FPS/Prefabs/Rooms/HeartRoom.prefab
  artifactKey: Guid(b9c7f73cbb9617a4c82234a257216bbf) Importer(815301076,1909f56bfc062723c751e8b465ee728b)
Start importing Assets/Creator Kit - FPS/Prefabs/Rooms/HeartRoom.prefab using Guid(b9c7f73cbb9617a4c82234a257216bbf) Importer(815301076,1909f56bfc062723c751e8b465ee728b)  -> (artifact id: '26d73f35e9d2614672fcafb47d5e155f') in 0.209316 seconds 
  Import took 0.215077 seconds .

========================================================================
Received Import Request.
  Time since last request: 0.000321 seconds.
  path: Assets/Creator Kit - FPS/Prefabs/Rooms/CorridorV.prefab
  artifactKey: Guid(21a463888965eb14ea0abb606bdbca2b) Importer(815301076,1909f56bfc062723c751e8b465ee728b)
Start importing Assets/Creator Kit - FPS/Prefabs/Rooms/CorridorV.prefab using Guid(21a463888965eb14ea0abb606bdbca2b) Importer(815301076,1909f56bfc062723c751e8b465ee728b)  -> (artifact id: '691253303c7e1d694e96ac5247ee648b') in 0.111763 seconds 
  Import took 0.116544 seconds .

========================================================================
Received Import Request.
  Time since last request: 0.000305 seconds.
  path: Assets/Creator Kit - FPS/Prefabs/Rooms/CorridorMedium.prefab
  artifactKey: Guid(905396a8b049c0548828753382b185ff) Importer(815301076,1909f56bfc062723c751e8b465ee728b)
Start importing Assets/Creator Kit - FPS/Prefabs/Rooms/CorridorMedium.prefab using Guid(905396a8b049c0548828753382b185ff) Importer(815301076,1909f56bfc062723c751e8b465ee728b)  -> (artifact id: '30c2ff8df145853fc8d22d4fba3d4114') in 0.073476 seconds 
  Import took 0.078378 seconds .

========================================================================
Received Import Request.
  Time since last request: 0.000249 seconds.
  path: Assets/Creator Kit - FPS/Prefabs/Rooms/StomachRoom.prefab
  artifactKey: Guid(4cbb64337ca003c4d831290a0e9f461e) Importer(815301076,1909f56bfc062723c751e8b465ee728b)
Start importing Assets/Creator Kit - FPS/Prefabs/Rooms/StomachRoom.prefab using Guid(4cbb64337ca003c4d831290a0e9f461e) Importer(815301076,1909f56bfc062723c751e8b465ee728b)  -> (artifact id: '9520a863f7480b29456bedf1a5d66cc1') in 1.068367 seconds 
  Import took 1.072756 seconds .

========================================================================
Received Import Request.
  Time since last request: 0.000188 seconds.
  path: Assets/Creator Kit - FPS/Prefabs/Rooms/CorridorCube.prefab
  artifactKey: Guid(0ad9d83713f843f4a8daec984ea1f0e3) Importer(815301076,1909f56bfc062723c751e8b465ee728b)
Start importing Assets/Creator Kit - FPS/Prefabs/Rooms/CorridorCube.prefab using Guid(0ad9d83713f843f4a8daec984ea1f0e3) Importer(815301076,1909f56bfc062723c751e8b465ee728b)  -> (artifact id: '68fd992ff1cc88a799c182d5eb4abc8a') in 0.073500 seconds 
  Import took 0.077140 seconds .

========================================================================
Received Import Request.
  Time since last request: 0.000313 seconds.
  path: Assets/Creator Kit - FPS/Prefabs/Rooms/CorridorLong.prefab
  artifactKey: Guid(b839185e8530797479d5b4df13785446) Importer(815301076,1909f56bfc062723c751e8b465ee728b)
Start importing Assets/Creator Kit - FPS/Prefabs/Rooms/CorridorLong.prefab using Guid(b839185e8530797479d5b4df13785446) Importer(815301076,1909f56bfc062723c751e8b465ee728b)  -> (artifact id: 'd51fab0658fbfb1abc0b74a6bdae962c') in 0.081019 seconds 
  Import took 0.086692 seconds .

========================================================================
Received Import Request.
  Time since last request: 0.000196 seconds.
  path: Assets/Creator Kit - FPS/Prefabs/Rooms/CorridorCorner.prefab
  artifactKey: Guid(0cd31afd7f54bbc4183a5847d566e3d6) Importer(815301076,1909f56bfc062723c751e8b465ee728b)
Start importing Assets/Creator Kit - FPS/Prefabs/Rooms/CorridorCorner.prefab using Guid(0cd31afd7f54bbc4183a5847d566e3d6) Importer(815301076,1909f56bfc062723c751e8b465ee728b)  -> (artifact id: '712b5beb4aca6292c119cc3197b0eecd') in 0.080778 seconds 
  Import took 0.085037 seconds .

========================================================================
Received Import Request.
  Time since last request: 0.520667 seconds.
  path: Assets/Creator Kit - FPS/Prefabs/Systems/Character.prefab
  artifactKey: Guid(6ca000ead671ebe449deb210e0a19be8) Importer(815301076,1909f56bfc062723c751e8b465ee728b)
Start importing Assets/Creator Kit - FPS/Prefabs/Systems/Character.prefab using Guid(6ca000ead671ebe449deb210e0a19be8) Importer(815301076,1909f56bfc062723c751e8b465ee728b)  -> (artifact id: '54a973c26693dcc5cf697f4ea2daea47') in 1.098004 seconds 
  Import took 1.107058 seconds .

========================================================================
Received Import Request.
  Time since last request: 0.000332 seconds.
  path: Assets/Creator Kit - FPS/Prefabs/Systems/WorldAudioPool.prefab
  artifactKey: Guid(e89f11f0f3be4554f9832feee06f5cfd) Importer(815301076,1909f56bfc062723c751e8b465ee728b)
Start importing Assets/Creator Kit - FPS/Prefabs/Systems/WorldAudioPool.prefab using Guid(e89f11f0f3be4554f9832feee06f5cfd) Importer(815301076,1909f56bfc062723c751e8b465ee728b)  -> (artifact id: 'e744509b4e9b13bbb4a2b492c09c3635') in 0.012457 seconds 
  Import took 0.016342 seconds .

========================================================================
Received Import Request.
  Time since last request: 0.000197 seconds.
  path: Assets/Creator Kit - FPS/Prefabs/Systems/GameSystem.prefab
  artifactKey: Guid(f7a29801ef1207442893876b7560238a) Importer(815301076,1909f56bfc062723c751e8b465ee728b)
Start importing Assets/Creator Kit - FPS/Prefabs/Systems/GameSystem.prefab using Guid(f7a29801ef1207442893876b7560238a) Importer(815301076,1909f56bfc062723c751e8b465ee728b)  -> (artifact id: 'b0e7354678e6f94461ebd8d5f0aa80a2') in 0.227468 seconds 
  Import took 0.231763 seconds .

========================================================================
Received Import Request.
  Time since last request: 0.000232 seconds.
  path: Assets/Creator Kit - FPS/Prefabs/Weapons/Healmatic500.prefab
  artifactKey: Guid(760a5cd9833938442ba8a4b54bfa8148) Importer(815301076,1909f56bfc062723c751e8b465ee728b)
Start importing Assets/Creator Kit - FPS/Prefabs/Weapons/Healmatic500.prefab using Guid(760a5cd9833938442ba8a4b54bfa8148) Importer(815301076,1909f56bfc062723c751e8b465ee728b)  -> (artifact id: '6b65e4ca55e4ee761317c49dd8cbe23f') in 0.714527 seconds 
  Import took 0.719295 seconds .

========================================================================
Received Import Request.
  Time since last request: 0.000301 seconds.
  path: Assets/Creator Kit - FPS/Prefabs/Weapons/PillProjectile.prefab
  artifactKey: Guid(4cfffa2f875e16444a1aa80acb915297) Importer(815301076,1909f56bfc062723c751e8b465ee728b)
Start importing Assets/Creator Kit - FPS/Prefabs/Weapons/PillProjectile.prefab using Guid(4cfffa2f875e16444a1aa80acb915297) Importer(815301076,1909f56bfc062723c751e8b465ee728b)  -> (artifact id: '0a34fc6421b0528aca125b778f762ced') in 0.066824 seconds 
  Import took 0.071275 seconds .

========================================================================
Received Import Request.
  Time since last request: 0.000215 seconds.
  path: Assets/Creator Kit - FPS/Prefabs/Weapons/Pill.prefab
  artifactKey: Guid(4f2e46d4d4842c849a745f6e82991e57) Importer(815301076,1909f56bfc062723c751e8b465ee728b)
Start importing Assets/Creator Kit - FPS/Prefabs/Weapons/Pill.prefab using Guid(4f2e46d4d4842c849a745f6e82991e57) Importer(815301076,1909f56bfc062723c751e8b465ee728b)  -> (artifact id: '00e3738d497f882f5d3cb1029af658d6') in 0.062835 seconds 
  Import took 0.067741 seconds .

========================================================================
Received Import Request.
  Time since last request: 0.000250 seconds.
  path: Assets/Creator Kit - FPS/Prefabs/UI/AmmoCanvas.prefab
  artifactKey: Guid(278b664212d79401587c44e39c1420cb) Importer(815301076,1909f56bfc062723c751e8b465ee728b)
Start importing Assets/Creator Kit - FPS/Prefabs/UI/AmmoCanvas.prefab using Guid(278b664212d79401587c44e39c1420cb) Importer(815301076,1909f56bfc062723c751e8b465ee728b)  -> (artifact id: '3689b5506a7f1d046db14ce34fe9f5bd') in 0.013851 seconds 
  Import took 0.018245 seconds .

========================================================================
Received Import Request.
  Time since last request: 0.000299 seconds.
  path: Assets/Creator Kit - FPS/Prefabs/UI/GameUI.prefab
  artifactKey: Guid(42a0ddb40af1b4a4bab43ed3db529ef5) Importer(815301076,1909f56bfc062723c751e8b465ee728b)
Start importing Assets/Creator Kit - FPS/Prefabs/UI/GameUI.prefab using Guid(42a0ddb40af1b4a4bab43ed3db529ef5) Importer(815301076,1909f56bfc062723c751e8b465ee728b)  -> (artifact id: 'd19818344c1fdc24d1f745faee9d76b7') in 0.023865 seconds 
  Import took 0.027427 seconds .

========================================================================
Received Import Request.
  Time since last request: 0.000210 seconds.
  path: Assets/Creator Kit - FPS/Prefabs/Systems/ImpactManager.prefab
  artifactKey: Guid(6e539a2d1020c524baa9744c04b7f085) Importer(815301076,1909f56bfc062723c751e8b465ee728b)
Start importing Assets/Creator Kit - FPS/Prefabs/Systems/ImpactManager.prefab using Guid(6e539a2d1020c524baa9744c04b7f085) Importer(815301076,1909f56bfc062723c751e8b465ee728b)  -> (artifact id: '715780d4bbbbbb68dec113251eb1176b') in 0.014938 seconds 
  Import took 0.019008 seconds .

========================================================================
Received Import Request.
  Time since last request: 0.000212 seconds.
  path: Assets/Creator Kit - FPS/Prefabs/Weapons/GermOBlaster.prefab
  artifactKey: Guid(a7112150bc902aa40a065439ad698c01) Importer(815301076,1909f56bfc062723c751e8b465ee728b)
Start importing Assets/Creator Kit - FPS/Prefabs/Weapons/GermOBlaster.prefab using Guid(a7112150bc902aa40a065439ad698c01) Importer(815301076,1909f56bfc062723c751e8b465ee728b)  -> (artifact id: 'a8408206821e7b23a2f87541f8829007') in 0.147208 seconds 
  Import took 0.152002 seconds .

========================================================================
Received Import Request.
  Time since last request: 10.730645 seconds.
  path: Assets/Creator Kit - FPS/Prefabs/UI/AmmoCanvas.prefab
  artifactKey: Guid(278b664212d79401587c44e39c1420cb) Importer(815301076,1909f56bfc062723c751e8b465ee728b)
Start importing Assets/Creator Kit - FPS/Prefabs/UI/AmmoCanvas.prefab using Guid(278b664212d79401587c44e39c1420cb) Importer(815301076,1909f56bfc062723c751e8b465ee728b)  -> (artifact id: '9e5f4bedae6a5bdc7515804d69af88c0') in 0.007303 seconds 
  Import took 0.010414 seconds .

========================================================================
Received Import Request.
  Time since last request: 0.019210 seconds.
  path: Assets/Creator Kit - FPS/Prefabs/UI/AmmoCanvas.prefab
  artifactKey: Guid(278b664212d79401587c44e39c1420cb) Importer(815301076,1909f56bfc062723c751e8b465ee728b)
Start importing Assets/Creator Kit - FPS/Prefabs/UI/AmmoCanvas.prefab using Guid(278b664212d79401587c44e39c1420cb) Importer(815301076,1909f56bfc062723c751e8b465ee728b)  -> (artifact id: '9e5f4bedae6a5bdc7515804d69af88c0') in 0.007574 seconds 
  Import took 0.011092 seconds .

========================================================================
Received Import Request.
  Time since last request: 9.053110 seconds.
  path: Assets/Creator Kit - FPS/Scripts/GameDatabase.cs
  artifactKey: Guid(eb8b1b9c80db01842adf30a00b5945e1) Importer(815301076,1909f56bfc062723c751e8b465ee728b)
Start importing Assets/Creator Kit - FPS/Scripts/GameDatabase.cs using Guid(eb8b1b9c80db01842adf30a00b5945e1) Importer(815301076,1909f56bfc062723c751e8b465ee728b)  -> (artifact id: 'f650ddc183e573114303077aaf728ff3') in 0.033865 seconds 
  Import took 0.037735 seconds .

========================================================================
Received Import Request.
  Time since last request: 0.353567 seconds.
  path: Assets/Creator Kit - FPS/Scripts/GradientTexture.cs
  artifactKey: Guid(a0810e87d9b9c44009e7af003b7a89b4) Importer(815301076,1909f56bfc062723c751e8b465ee728b)
Start importing Assets/Creator Kit - FPS/Scripts/GradientTexture.cs using Guid(a0810e87d9b9c44009e7af003b7a89b4) Importer(815301076,1909f56bfc062723c751e8b465ee728b)  -> (artifact id: 'ecec1cfd5c99844cbfd113e3069cc4dd') in 0.009805 seconds 
  Import took 0.015431 seconds .

========================================================================
Received Import Request.
  Time since last request: 0.496671 seconds.
  path: Assets/Creator Kit - FPS/Scripts/Helpers.cs
  artifactKey: Guid(50f946c4e71aa1f4bb2480eebeed6618) Importer(815301076,1909f56bfc062723c751e8b465ee728b)
Start importing Assets/Creator Kit - FPS/Scripts/Helpers.cs using Guid(50f946c4e71aa1f4bb2480eebeed6618) Importer(815301076,1909f56bfc062723c751e8b465ee728b)  -> (artifact id: 'cfe315da88e02f250db3a451e93257c9') in 0.009206 seconds 
  Import took 0.013130 seconds .

========================================================================
Received Prepare
Registering precompiled user dll's ...
Registered in 0.203866 seconds.
Begin MonoManager ReloadAssembly
Native extension for WindowsStandalone target not found
Refreshing native plugins compatible for Editor in 0.96 ms, found 2 plugins.
Preloading 0 native plugins for Editor in 0.00 ms.
Mono: successfully reloaded assembly
- Completed reload, in  1.753 seconds
Domain Reload Profiling:
	ReloadAssembly (1755ms)
		BeginReloadAssembly (280ms)
			ExecutionOrderSort (0ms)
			DisableScriptedObjects (24ms)
			BackupInstance (0ms)
			ReleaseScriptingObjects (0ms)
			CreateAndSetChildDomain (140ms)
		EndReloadAssembly (1370ms)
			LoadAssemblies (124ms)
			RebuildTransferFunctionScriptingTraits (0ms)
			SetupTypeCache (394ms)
			ReleaseScriptCaches (1ms)
			RebuildScriptCaches (62ms)
			SetupLoadedEditorAssemblies (621ms)
				LogAssemblyErrors (0ms)
				InitializePlatformSupportModulesInManaged (9ms)
				SetLoadedEditorAssemblies (1ms)
				RefreshPlugins (1ms)
				BeforeProcessingInitializeOnLoad (95ms)
				ProcessInitializeOnLoadAttributes (485ms)
				ProcessInitializeOnLoadMethodAttributes (13ms)
				AfterProcessingInitializeOnLoad (17ms)
				EditorAssembliesLoaded (0ms)
			ExecutionOrderSort2 (0ms)
			AwakeInstancesAfterBackupRestoration (11ms)
Platform modules already initialized, skipping
Refreshing native plugins compatible for Editor in 1.09 ms, found 2 plugins.
Preloading 0 native plugins for Editor in 0.00 ms.
Unloading 1768 Unused Serialized files (Serialized files now loaded: 0)
System memory in use before: 100.1 MB.
System memory in use after: 100.3 MB.

Unloading 35 unused Assets to reduce memory usage. Loaded Objects now: 2250.
Total: 3.776700 ms (FindLiveObjects: 0.325300 ms CreateObjectMapping: 0.060200 ms MarkObjects: 3.311200 ms  DeleteObjects: 0.077400 ms)

AssetImportParameters requested are different than current active one (requested -> active):
  custom:framework-win-MediaFoundation: 216162199b28c13a410421893ffa2e32 -> 
  custom:video-decoder-ogg-theora: a1e56fd34408186e4bbccfd4996cb3dc -> 
  custom:container-muxer-webm: aa71ff27fc2769a1b78a27578f13a17b -> 
  custom:container-demuxer-webm: 4f35f7cbe854078d1ac9338744f61a02 -> 
  custom:container-demuxer-ogg: 62fdf1f143b41e24485cea50d1cbac27 -> 
  custom:video-encoder-webm-vp8: eb34c28f22e8b96e1ab97ce403110664 -> 
  custom:video-decoder-webm-vp8: 9c59270c3fd7afecdb556c50c9e8de78 -> 
  custom:audio-decoder-ogg-vorbis: bf7c407c2cedff20999df2af8eb42d56 -> 
  custom:audio-encoder-webm-vorbis: bf7c407c2cedff20999df2af8eb42d56 -> 
========================================================================
Received Import Request.
  Time since last request: 780.374166 seconds.
  path: Assets/Creator Kit - FPS/Art/Models/Characters
  artifactKey: Guid(5a2c9924c68ae804385dee091518786a) Importer(815301076,1909f56bfc062723c751e8b465ee728b)
Start importing Assets/Creator Kit - FPS/Art/Models/Characters using Guid(5a2c9924c68ae804385dee091518786a) Importer(815301076,1909f56bfc062723c751e8b465ee728b)  -> (artifact id: '8291b095ae18d8c1d9dcae26b86f455e') in 0.015529 seconds 
  Import took 0.020160 seconds .

========================================================================
Received Import Request.
  Time since last request: 0.055936 seconds.
  path: Assets/Creator Kit - FPS/Art/Models/Characters/BloodCell.FBX
  artifactKey: Guid(8226672356b74174cbe023b9736222f5) Importer(815301076,1909f56bfc062723c751e8b465ee728b)
Start importing Assets/Creator Kit - FPS/Art/Models/Characters/BloodCell.FBX using Guid(8226672356b74174cbe023b9736222f5) Importer(815301076,1909f56bfc062723c751e8b465ee728b)  -> (artifact id: '0bd1aaebe8f3d966e855dc697ea09d60') in 0.261374 seconds 
  Import took 0.265033 seconds .

========================================================================
Received Import Request.
  Time since last request: 0.000200 seconds.
  path: Assets/Creator Kit - FPS/Art/Models/Characters/GermSlime.FBX
  artifactKey: Guid(a148bf2bf5d309646bda1b56264c815e) Importer(815301076,1909f56bfc062723c751e8b465ee728b)
Start importing Assets/Creator Kit - FPS/Art/Models/Characters/GermSlime.FBX using Guid(a148bf2bf5d309646bda1b56264c815e) Importer(815301076,1909f56bfc062723c751e8b465ee728b)  -> (artifact id: '63b5dc5bac25f38327f7d563fea9ac01') in 0.073672 seconds 
  Import took 0.077474 seconds .

========================================================================
Received Import Request.
  Time since last request: 0.000192 seconds.
  path: Assets/Creator Kit - FPS/Art/Models/Characters/GermSpike.prefab
  artifactKey: Guid(dddeda6d0629a09438dbf97ce84d81fd) Importer(815301076,1909f56bfc062723c751e8b465ee728b)
Start importing Assets/Creator Kit - FPS/Art/Models/Characters/GermSpike.prefab using Guid(dddeda6d0629a09438dbf97ce84d81fd) Importer(815301076,1909f56bfc062723c751e8b465ee728b)  -> (artifact id: 'f92db3c44688895e25e9edbbcae0ef27') in 0.225593 seconds 
  Import took 0.229044 seconds .

========================================================================
Received Import Request.
  Time since last request: 0.000218 seconds.
  path: Assets/Creator Kit - FPS/Art/Models/Characters/GermSpikeModel.FBX
  artifactKey: Guid(6fd3b5c2df6073f4ea432cc9086b6f00) Importer(815301076,1909f56bfc062723c751e8b465ee728b)
Start importing Assets/Creator Kit - FPS/Art/Models/Characters/GermSpikeModel.FBX using Guid(6fd3b5c2df6073f4ea432cc9086b6f00) Importer(815301076,1909f56bfc062723c751e8b465ee728b)  -> (artifact id: '9b48ee3e313103fcddbb053eb4adf360') in 0.030077 seconds 
  Import took 0.033479 seconds .

========================================================================
Received Prepare
Registering precompiled user dll's ...
Registered in 0.015516 seconds.
Begin MonoManager ReloadAssembly
Native extension for WindowsStandalone target not found
Refreshing native plugins compatible for Editor in 0.74 ms, found 2 plugins.
Preloading 0 native plugins for Editor in 0.00 ms.
Mono: successfully reloaded assembly
- Completed reload, in  1.144 seconds
Domain Reload Profiling:
	ReloadAssembly (1144ms)
		BeginReloadAssembly (136ms)
			ExecutionOrderSort (0ms)
			DisableScriptedObjects (6ms)
			BackupInstance (0ms)
			ReleaseScriptingObjects (0ms)
			CreateAndSetChildDomain (37ms)
		EndReloadAssembly (926ms)
			LoadAssemblies (107ms)
			RebuildTransferFunctionScriptingTraits (0ms)
			SetupTypeCache (314ms)
			ReleaseScriptCaches (1ms)
			RebuildScriptCaches (48ms)
			SetupLoadedEditorAssemblies (336ms)
				LogAssemblyErrors (0ms)
				InitializePlatformSupportModulesInManaged (6ms)
				SetLoadedEditorAssemblies (1ms)
				RefreshPlugins (1ms)
				BeforeProcessingInitializeOnLoad (72ms)
				ProcessInitializeOnLoadAttributes (237ms)
				ProcessInitializeOnLoadMethodAttributes (8ms)
				AfterProcessingInitializeOnLoad (12ms)
				EditorAssembliesLoaded (0ms)
			ExecutionOrderSort2 (0ms)
			AwakeInstancesAfterBackupRestoration (8ms)
Platform modules already initialized, skipping
Refreshing native plugins compatible for Editor in 0.67 ms, found 2 plugins.
Preloading 0 native plugins for Editor in 0.00 ms.
Unloading 1768 Unused Serialized files (Serialized files now loaded: 0)
System memory in use before: 100.4 MB.
System memory in use after: 100.5 MB.

Unloading 34 unused Assets to reduce memory usage. Loaded Objects now: 2257.
Total: 2.468900 ms (FindLiveObjects: 0.228200 ms CreateObjectMapping: 0.043400 ms MarkObjects: 2.167300 ms  DeleteObjects: 0.028000 ms)

AssetImportParameters requested are different than current active one (requested -> active):
  custom:framework-win-MediaFoundation: 216162199b28c13a410421893ffa2e32 -> 
  custom:video-decoder-ogg-theora: a1e56fd34408186e4bbccfd4996cb3dc -> 
  custom:container-muxer-webm: aa71ff27fc2769a1b78a27578f13a17b -> 
  custom:container-demuxer-webm: 4f35f7cbe854078d1ac9338744f61a02 -> 
  custom:container-demuxer-ogg: 62fdf1f143b41e24485cea50d1cbac27 -> 
  custom:video-encoder-webm-vp8: eb34c28f22e8b96e1ab97ce403110664 -> 
  custom:video-decoder-webm-vp8: 9c59270c3fd7afecdb556c50c9e8de78 -> 
  custom:audio-decoder-ogg-vorbis: bf7c407c2cedff20999df2af8eb42d56 -> 
  custom:audio-encoder-webm-vorbis: bf7c407c2cedff20999df2af8eb42d56 -> 
========================================================================
Received Import Request.
  Time since last request: 3544.650845 seconds.
  path: Assets/Creator Kit - FPS/Prefabs/Targets
  artifactKey: Guid(8994fb8bcdce62c4cb6074222fd6acbc) Importer(815301076,1909f56bfc062723c751e8b465ee728b)
Start importing Assets/Creator Kit - FPS/Prefabs/Targets using Guid(8994fb8bcdce62c4cb6074222fd6acbc) Importer(815301076,1909f56bfc062723c751e8b465ee728b)  -> (artifact id: '175e41930d04a6d841b2a63f203223ff') in 0.017275 seconds 
  Import took 0.021668 seconds .

========================================================================
Received Import Request.
  Time since last request: 10.683306 seconds.
  path: Assets/Creator Kit - FPS/Prefabs/Targets/GermSpike.prefab
  artifactKey: Guid(d5335e57125d97b4787992a6bf657ac8) Importer(815301076,1909f56bfc062723c751e8b465ee728b)
Start importing Assets/Creator Kit - FPS/Prefabs/Targets/GermSpike.prefab using Guid(d5335e57125d97b4787992a6bf657ac8) Importer(815301076,1909f56bfc062723c751e8b465ee728b)  -> (artifact id: 'db7cd04c83c498623c90c50dfea28398') in 0.085690 seconds 
  Import took 0.089684 seconds .

AssetImportWorkerClient::OnTransportError - code=2 error=End of file
