Using pre-set license
Built from '2020.2/release' branch; Version is '2020.2.0f1 (3721df5a8b28) revision 3613151'; Using compiler version '192528614'; Build Type 'Release'
OS: 'Windows 10  (10.0.0) 64bit' Language: 'ko' Physical Memory: 16334 MB
BatchMode: 1, IsHumanControllingUs: 0, StartBugReporterOnCrash: 0, Is64bit: 1, IsPro: 0

 COMMAND LINE ARGUMENTS:
C:\Program Files\Unity\2020.2.0f1\Editor\Unity.exe
-adb2
-batchMode
-noUpm
-name
AssetImportWorker0
-projectPath
D:/이서현/공부/Unity/Unity_Personnal_Projects/Project_1.2
-logFile
Logs/AssetImportWorker0.log
-srvPort
7242
Successfully changed project path to: D:/이서현/공부/Unity/Unity_Personnal_Projects/Project_1.2
D:/이서현/공부/Unity/Unity_Personnal_Projects/Project_1.2
Using Asset Import Pipeline V2.
Refreshing native plugins compatible for Editor in 43.63 ms, found 1 plugins.
Preloading 0 native plugins for Editor in 0.00 ms.
Initialize engine version: 2020.2.0f1 (3721df5a8b28)
[Subsystems] Discovering subsystems at path C:/Program Files/Unity/2020.2.0f1/Editor/Data/Resources/UnitySubsystems
[Subsystems] Discovering subsystems at path D:/이서현/공부/Unity/Unity_Personnal_Projects/Project_1.2/Assets
GfxDevice: creating device client; threaded=0
Direct3D:
    Version:  Direct3D 11.0 [level 11.1]
    Renderer: NVIDIA GeForce GTX 1060 6GB (ID=0x1c03)
    Vendor:   
    VRAM:     6052 MB
    Driver:   27.21.14.5671
Initialize mono
Mono path[0] = 'C:/Program Files/Unity/2020.2.0f1/Editor/Data/Managed'
Mono path[1] = 'C:/Program Files/Unity/2020.2.0f1/Editor/Data/MonoBleedingEdge/lib/mono/unityjit'
Mono config path = 'C:/Program Files/Unity/2020.2.0f1/Editor/Data/MonoBleedingEdge/etc'
Using monoOptions --debugger-agent=transport=dt_socket,embedding=1,server=y,suspend=n,address=127.0.0.1:56396
Begin MonoManager ReloadAssembly
Registering precompiled unity dll's ...
Register platform support module: C:/Program Files/Unity/2020.2.0f1/Editor/Data/PlaybackEngines/WindowsStandaloneSupport/UnityEditor.WindowsStandalone.Extensions.dll
Registered in 0.002879 seconds.
Native extension for WindowsStandalone target not found
Refreshing native plugins compatible for Editor in 40.73 ms, found 1 plugins.
Preloading 0 native plugins for Editor in 0.00 ms.
Invoked RoslynAnalysisRunner static constructor.
RoslynAnalysisRunner will not be running.
RoslynAnalysisRunner has terminated.
Mono: successfully reloaded assembly
- Completed reload, in  2.686 seconds
Platform modules already initialized, skipping
Registering precompiled user dll's ...
Registered in 0.001045 seconds.
Begin MonoManager ReloadAssembly
Native extension for WindowsStandalone target not found
Refreshing native plugins compatible for Editor in 43.82 ms, found 1 plugins.
Preloading 0 native plugins for Editor in 0.00 ms.
Invoked RoslynAnalysisRunner static constructor.
RoslynAnalysisRunner will not be running.
RoslynAnalysisRunner has terminated.
Mono: successfully reloaded assembly
- Completed reload, in  1.128 seconds
Platform modules already initialized, skipping
========================================================================
Worker process is ready to serve import requests
Launched and connected shader compiler UnityShaderCompiler.exe after 0.05 seconds
Refreshing native plugins compatible for Editor in 0.35 ms, found 1 plugins.
Preloading 0 native plugins for Editor in 0.00 ms.
Unloading 1791 Unused Serialized files (Serialized files now loaded: 0)
System memory in use before: 84.2 MB.
System memory in use after: 84.2 MB.

Unloading 24 unused Assets to reduce memory usage. Loaded Objects now: 2233.
Total: 3.303400 ms (FindLiveObjects: 0.332400 ms CreateObjectMapping: 0.048700 ms MarkObjects: 2.772900 ms  DeleteObjects: 0.147500 ms)

========================================================================
Received Import Request.
  path: Assets/Scenes/Menu.unity
  artifactKey: Guid(1c0970f8c0c889b4aa7cd5053e5c9e86) Importer(815301076,1909f56bfc062723c751e8b465ee728b)
Start importing Assets/Scenes/Menu.unity using Guid(1c0970f8c0c889b4aa7cd5053e5c9e86) Importer(815301076,1909f56bfc062723c751e8b465ee728b)  -> (artifact id: '8fd153d7084d0ecca79b36670827d40d') in 0.040711 seconds
  Import took 0.069108 seconds .

========================================================================
Received Import Request.
  Time since last request: 9390.444121 seconds.
  path: Assets/Pong.jpg
  artifactKey: Guid(84332d21081412346b9a4f3ea4924d67) Importer(815301076,1909f56bfc062723c751e8b465ee728b)
Start importing Assets/Pong.jpg using Guid(84332d21081412346b9a4f3ea4924d67) Importer(815301076,1909f56bfc062723c751e8b465ee728b)  -> (artifact id: '7daed1d550130151a54b3cf8d95a0eaa') in 0.111903 seconds
  Import took 0.117975 seconds .

========================================================================
Received Import Request.
  Time since last request: 354.523712 seconds.
  path: Assets/images.jpg
  artifactKey: Guid(2439741fd278a0b4cb1b399ba703d4a5) Importer(815301076,1909f56bfc062723c751e8b465ee728b)
Start importing Assets/images.jpg using Guid(2439741fd278a0b4cb1b399ba703d4a5) Importer(815301076,1909f56bfc062723c751e8b465ee728b)  -> (artifact id: 'e18df9a971ac7fd119a46438b30d1e50') in 0.020301 seconds
  Import took 0.024331 seconds .

AssetImportWorkerClient::OnTransportError - code=2 error=End of file
